<?xml version="1.0" encoding="UTF-8"?>
<testng-results ignored="0" total="1" passed="1" failed="0" skipped="0">
  <reporter-output>
  </reporter-output>
  <suite started-at="2024-07-11T15:21:16 IST" name="mavenproject1" finished-at="2024-07-11T15:21:27 IST" duration-ms="10878">
    <groups>
    </groups>
    <test started-at="2024-07-11T15:21:16 IST" name="InputText" finished-at="2024-07-11T15:21:27 IST" duration-ms="10878">
      <class name="inputtext.InputText">
        <test-method is-config="true" signature="launchBrowser()[pri:0, instance:inputtext.InputText@273e7444]" started-at="2024-07-11T15:21:17 IST" name="launchBrowser" finished-at="2024-07-11T15:21:24 IST" duration-ms="7839" status="PASS">
          <reporter-output>
          </reporter-output>
        </test-method> <!-- launchBrowser -->
        <test-method signature="init()[pri:0, instance:inputtext.InputText@273e7444]" started-at="2024-07-11T15:21:24 IST" name="init" finished-at="2024-07-11T15:21:27 IST" duration-ms="2348" status="PASS">
          <reporter-output>
          </reporter-output>
        </test-method> <!-- init -->
        <test-method is-config="true" signature="closeBrowser()[pri:0, instance:inputtext.InputText@273e7444]" started-at="2024-07-11T15:21:27 IST" name="closeBrowser" finished-at="2024-07-11T15:21:27 IST" duration-ms="623" status="PASS">
          <reporter-output>
          </reporter-output>
        </test-method> <!-- closeBrowser -->
      </class> <!-- inputtext.InputText -->
    </test> <!-- InputText -->
  </suite> <!-- mavenproject1 -->
</testng-results>
