<?xml version="1.0" encoding="UTF-8"?>
<testng-results ignored="0" total="1" passed="1" failed="0" skipped="0">
  <reporter-output>
  </reporter-output>
  <suite started-at="2024-07-10T11:56:13 IST" name="Default suite" finished-at="2024-07-10T11:56:32 IST" duration-ms="19420">
    <groups>
    </groups>
    <test started-at="2024-07-10T11:56:13 IST" name="Default test" finished-at="2024-07-10T11:56:32 IST" duration-ms="19420">
      <class name="TestNGsample">
        <test-method signature="getURL()[pri:0, instance:TestNGsample@16a0ee18]" started-at="2024-07-10T11:56:13 IST" name="getURL" finished-at="2024-07-10T11:56:32 IST" duration-ms="19373" status="PASS">
          <reporter-output>
          </reporter-output>
        </test-method> <!-- getURL -->
      </class> <!-- TestNGsample -->
    </test> <!-- Default test -->
  </suite> <!-- Default suite -->
</testng-results>
